<?xml version="1.0" encoding="UTF-8"?>
<testng-results skipped="0" failed="0" ignored="0" total="1" passed="1">
  <reporter-output>
  </reporter-output>
  <suite name="Suite" duration-ms="16751" started-at="2019-04-01T06:00:34Z" finished-at="2019-04-01T06:00:51Z">
    <groups>
    </groups>
    <test name="Test" duration-ms="16751" started-at="2019-04-01T06:00:34Z" finished-at="2019-04-01T06:00:51Z">
      <class name="genericMethods.LaunchGoogle">
        <test-method status="PASS" signature="googleResults()[pri:0, instance:genericMethods.LaunchGoogle@57baeedf]" name="googleResults" duration-ms="16709" started-at="2019-04-01T06:00:35Z" finished-at="2019-04-01T06:00:51Z">
          <reporter-output>
          </reporter-output>
        </test-method> <!-- googleResults -->
      </class> <!-- genericMethods.LaunchGoogle -->
    </test> <!-- Test -->
  </suite> <!-- Suite -->
</testng-results>
